Mon Sep 23 10:00:02 CST 2019
success 0
Tue Sep 24 10:00:01 CST 2019
success 0
Wed Sep 25 10:00:04 CST 2019
success 0
Thu Sep 26 10:00:02 CST 2019
success 0
Fri Sep 27 10:00:08 CST 2019
success 0
Sat Sep 28 10:00:02 CST 2019
success 0
Sun Sep 29 10:00:02 CST 2019
success 0
Mon Sep 30 10:00:01 CST 2019
success 0
Tue Oct  1 10:00:01 CST 2019
success 0
Wed Oct  2 10:00:01 CST 2019
success 0
Thu Oct  3 10:00:01 CST 2019
success 0
2019年10月 4日 星期五 10时45分42秒 CST
success 0
2019年10月 5日 星期六 13时54分47秒 CST
success 0
2019年10月 6日 星期日 14时26分42秒 CST
success 0
2019年10月 7日 星期一 09时57分38秒 CST
success 0
Mon Oct  7 10:00:01 CST 2019
success 0
Tue Oct  8 10:00:02 CST 2019
success 0
Wed Oct  9 10:00:01 CST 2019
success 0
Thu Oct 10 10:00:01 CST 2019
success 0
Fri Oct 11 10:00:02 CST 2019
success 0
Sat Oct 12 10:00:01 CST 2019
success 0
Sun Oct 13 11:08:45 CST 2019
success 0
2019年10月13日 星期日 11时08分46秒 CST
success 0
Mon Oct 14 10:00:02 CST 2019
success 0
Tue Oct 15 10:00:01 CST 2019
success 0
Wed Oct 16 10:00:01 CST 2019
success 0
Thu Oct 17 10:00:04 CST 2019
success 0
Fri Oct 18 10:00:01 CST 2019
success 0
Sat Oct 19 10:00:01 CST 2019
success 0
Sun Oct 20 11:29:02 CST 2019
success 0
2019年10月20日 星期日 11时30分31秒 CST
success 0
Mon Oct 21 10:00:03 CST 2019
success 0
Wed Oct 23 10:00:04 CST 2019
success 0
Thu Oct 24 10:00:14 CST 2019
success 0
Fri Oct 25 10:00:02 CST 2019
success 0
Sat Oct 26 10:00:01 CST 2019
success 0
Sun Oct 27 11:49:48 CST 2019
success 0
Wed Oct 30 10:00:12 CST 2019
success 0
Thu Oct 31 10:00:02 CST 2019
success 0
Fri Nov  1 10:00:16 CST 2019
success 0
2019年11月 2日 星期六 22时08分00秒 CST
success 0
Sun Nov  3 10:00:02 CST 2019
success 0
Mon Nov  4 10:00:13 CST 2019
success 0
Tue Nov  5 10:00:11 CST 2019
success 0
Wed Nov  6 10:00:01 CST 2019
success 0
Thu Nov  7 10:00:02 CST 2019
success 0
Fri Nov  8 10:00:01 CST 2019
success 0
